<?xml version="1.0" encoding="UTF-8"?>
<!-- Generated by org.testng.reporters.JUnitReportReporter -->
<testsuite hostname="Af-wMac" failures="0" tests="1" name="tVagrant.com.tVagrant.FindaBook" time="22.024" errors="0" timestamp="28 May 2020 17:02:55 GMT">
  <testcase classname="tVagrant.com.tVagrant.FindaBook" name="WhatsThatBookName" time="22.024"/>
</testsuite> <!-- tVagrant.com.tVagrant.FindaBook -->
