<?xml version="1.0" encoding="UTF-8"?>
<!-- Generated by org.testng.reporters.JUnitReportReporter -->
<testsuite hostname="Af-wMac" failures="0" tests="1" name="tVagrant.com.tVagrant.LandingPageValidation" time="8.750" errors="0" timestamp="28 May 2020 08:22:44 GMT">
  <testcase classname="tVagrant.com.tVagrant.LandingPageValidation" name="LoginPageUIValidation" time="8.750"/>
</testsuite> <!-- tVagrant.com.tVagrant.LandingPageValidation -->
